<?xml version="1.0" encoding="UTF-8"?>
<!-- Generated by org.testng.reporters.JUnitReportReporter -->
<testsuite skipped="0" hostname="LBNL01418" name="restAssuredAPI_1.OpenWheather" tests="1" failures="0" timestamp="28 sep 2019 21:14:11 GMT" time="2.339" errors="0">
  <testcase name="testresponseCode" time="2.339" classname="restAssuredAPI_1.OpenWheather"/>
</testsuite> <!-- restAssuredAPI_1.OpenWheather -->
